<?xml version="1.0" encoding="UTF-8"?>
<testsuite name="github.SearchForSelenide" tests="1" skipped="0" failures="0" errors="0" timestamp="2023-10-08T16:42:46" hostname="DESKTOP-H2VTUA6" time="10.987">
  <properties/>
  <testcase name="shouldFindJUnit5CodeExample()" classname="github.SearchForSelenide" time="10.987"/>
  <system-out><![CDATA[]]></system-out>
  <system-err><![CDATA[[Test worker] INFO com.codeborne.selenide.impl.WebDriverThreadLocalContainer - No webdriver is bound to current thread: 1 - let's create a new webdriver
[Test worker] INFO com.codeborne.selenide.impl.FileHelper - Creating folder: C:\Users\zero\IdeaProjects\aqa_1\build\downloads\1696783366302_4020_1
[Test worker] INFO com.codeborne.selenide.webdriver.SelenideNettyClientFactory - Changed readTimeout from PT3M to PT1M30S
[Test worker] INFO com.codeborne.selenide.webdriver.SelenideNettyClientFactory - Changed readTimeout from PT3M to PT1M30S
[Test worker] INFO com.codeborne.selenide.webdriver.WebDriverFactory - BrowserName=msedge Version=117.0.2045.47 Platform=windows
[Test worker] INFO com.codeborne.selenide.webdriver.WebDriverFactory - Selenide v. 6.19.0
[Test worker] INFO com.codeborne.selenide.webdriver.WebDriverFactory - Selenium WebDriver v. 4.13.0 build revision: ba948ece5b*
[Test worker] INFO com.codeborne.selenide.drivercommands.CreateDriverCommand - Created webdriver in thread 1: EdgeDriver -> EdgeDriver: msedge on windows (af549d6befc8b4d6711d247ea3c60f1a)
[Test worker] INFO com.codeborne.selenide.drivercommands.DisposablesRegistry - Register WebDriverInstance[config=StaticConfig,webDriver=EdgeDriver: msedge on windows (af549d6befc8b4d6711d247ea3c60f1a),proxy=null,downloadsFolder=C:\Users\zero\IdeaProjects\aqa_1\build\downloads\1696783366302_4020_1] in 1 [size=1]
[Test worker] INFO com.codeborne.selenide.drivercommands.DisposablesRegistry - Add shutdown hook in 1 [size=1]
[Test worker] INFO com.codeborne.selenide.impl.WebDriverThreadLocalContainer - Browser will stay open due to holdBrowserOpen=true: 1 -> EdgeDriver: msedge on windows (af549d6befc8b4d6711d247ea3c60f1a)
]]></system-err>
</testsuite>
